2015/08/05 11:14:14 [error] [system.db.CDbCommand] CDbCommand::execute() failed: SQLSTATE[42000]: Syntax error or access violation: 1049 Unknown database 'yiifcms'. The SQL statement executed was: USE yiifcms.
2015/08/05 11:14:44 [error] [system.db.CDbCommand] CDbCommand::execute() failed: SQLSTATE[42S02]: Base table or view not found: 1146 Table 'yiifcms.yiif_session' doesn't exist. The SQL statement executed was: DELETE FROM `yiif_session` WHERE expire<:expire.
2015/08/07 21:37:54 [error] [exception.CException] exception 'CException' with message '属性 "CUrlManager.enablePrettyUrl" 未被定义.' in /var/www/html/yiifcms/framework/base/CComponent.php:173
Stack trace:
#0 /var/www/html/yiifcms/framework/YiiBase.php(220): CComponent->__set('enablePrettyUrl', true)
#1 /var/www/html/yiifcms/framework/base/CModule.php(386): YiiBase::createComponent(Array)
#2 /var/www/html/yiifcms/framework/base/CApplication.php(522): CModule->getComponent('urlManager')
#3 /var/www/html/yiifcms/framework/web/CWebApplication.php(140): CApplication->getUrlManager()
#4 /var/www/html/yiifcms/framework/base/CApplication.php(180): CWebApplication->processRequest()
#5 /var/www/html/yiifcms/index.php(17): CApplication->run()
#6 {main}
REQUEST_URI=/yiifcms/
HTTP_REFERER=http://192.168.92.128/yiifcms/?r=user/login
---
2015/08/10 15:25:29 [error] [exception.CHttpException.404] exception 'CHttpException' with message '系统无法找到请求的 "guide" 动作.' in /var/www/html/yiifcms/framework/web/CController.php:483
Stack trace:
#0 /var/www/html/yiifcms/framework/web/CController.php(270): CController->missingAction('guide')
#1 /var/www/html/yiifcms/framework/web/CWebApplication.php(282): CController->run('guide')
#2 /var/www/html/yiifcms/framework/web/CWebApplication.php(141): CWebApplication->runController('page/guide')
#3 /var/www/html/yiifcms/framework/base/CApplication.php(180): CWebApplication->processRequest()
#4 /var/www/html/yiifcms/index.php(17): CApplication->run()
#5 {main}
REQUEST_URI=/yiifcms/?r=page/guide
HTTP_REFERER=http://192.168.92.128/yiifcms/?r=user/index
---
2015/08/10 15:26:35 [error] [exception.CHttpException.404] exception 'CHttpException' with message '系统无法找到请求的 "guide" 动作.' in /var/www/html/yiifcms/framework/web/CController.php:483
Stack trace:
#0 /var/www/html/yiifcms/framework/web/CController.php(270): CController->missingAction('guide')
#1 /var/www/html/yiifcms/framework/web/CWebApplication.php(282): CController->run('guide')
#2 /var/www/html/yiifcms/framework/web/CWebApplication.php(141): CWebApplication->runController('page/guide')
#3 /var/www/html/yiifcms/framework/base/CApplication.php(180): CWebApplication->processRequest()
#4 /var/www/html/yiifcms/index.php(17): CApplication->run()
#5 {main}
REQUEST_URI=/yiifcms/?r=page/guide
HTTP_REFERER=http://192.168.92.128/yiifcms/?r=image/index
---
2015/08/10 17:42:27 [error] [exception.CHttpException.404] exception 'CHttpException' with message '系统无法找到请求的 "guide" 动作.' in /var/www/html/yiifcms/framework/web/CController.php:483
Stack trace:
#0 /var/www/html/yiifcms/framework/web/CController.php(270): CController->missingAction('guide')
#1 /var/www/html/yiifcms/framework/web/CWebApplication.php(282): CController->run('guide')
#2 /var/www/html/yiifcms/framework/web/CWebApplication.php(141): CWebApplication->runController('page/guide')
#3 /var/www/html/yiifcms/framework/base/CApplication.php(180): CWebApplication->processRequest()
#4 /var/www/html/yiifcms/index.php(17): CApplication->run()
#5 {main}
REQUEST_URI=/yiifcms/?r=page/guide
HTTP_REFERER=http://192.168.92.128/yiifcms/?r=page/index&id=feature
---
2015/08/10 17:48:29 [error] [exception.CHttpException.404] exception 'CHttpException' with message '无法解析请求 "admin/index"。' in /var/www/html/yiifcms/framework/web/CWebApplication.php:286
Stack trace:
#0 /var/www/html/yiifcms/framework/web/CWebApplication.php(141): CWebApplication->runController('admin/index')
#1 /var/www/html/yiifcms/framework/base/CApplication.php(180): CWebApplication->processRequest()
#2 /var/www/html/yiifcms/index.php(17): CApplication->run()
#3 {main}
REQUEST_URI=/yiifcms/?r=admin/index
---
2015/08/10 18:28:32 [error] [exception.CHttpException.404] exception 'CHttpException' with message '系统无法找到请求的 "guide" 动作.' in /var/www/html/yiifcms/framework/web/CController.php:483
Stack trace:
#0 /var/www/html/yiifcms/framework/web/CController.php(270): CController->missingAction('guide')
#1 /var/www/html/yiifcms/framework/web/CWebApplication.php(282): CController->run('guide')
#2 /var/www/html/yiifcms/framework/web/CWebApplication.php(141): CWebApplication->runController('page/guide')
#3 /var/www/html/yiifcms/framework/base/CApplication.php(180): CWebApplication->processRequest()
#4 /var/www/html/yiifcms/index.php(17): CApplication->run()
#5 {main}
REQUEST_URI=/yiifcms/?r=page/guide
HTTP_REFERER=http://192.168.92.128/yiifcms/index.php
---
2015/08/10 18:41:09 [error] [exception.CHttpException.404] exception 'CHttpException' with message '系统无法找到请求的 "guide" 动作.' in /var/www/html/yiifcms/framework/web/CController.php:483
Stack trace:
#0 /var/www/html/yiifcms/framework/web/CController.php(270): CController->missingAction('guide')
#1 /var/www/html/yiifcms/framework/web/CWebApplication.php(282): CController->run('guide')
#2 /var/www/html/yiifcms/framework/web/CWebApplication.php(141): CWebApplication->runController('page/guide')
#3 /var/www/html/yiifcms/framework/base/CApplication.php(180): CWebApplication->processRequest()
#4 /var/www/html/yiifcms/index.php(17): CApplication->run()
#5 {main}
REQUEST_URI=/yiifcms/?r=page/guide
HTTP_REFERER=http://192.168.92.128/yiifcms/?r=post/index
---
2015/08/11 10:39:54 [error] [exception.CHttpException.404] exception 'CHttpException' with message '系统无法找到请求的 "guide" 动作.' in /var/www/html/yiifcms/framework/web/CController.php:483
Stack trace:
#0 /var/www/html/yiifcms/framework/web/CController.php(270): CController->missingAction('guide')
#1 /var/www/html/yiifcms/framework/web/CWebApplication.php(282): CController->run('guide')
#2 /var/www/html/yiifcms/framework/web/CWebApplication.php(141): CWebApplication->runController('page/guide')
#3 /var/www/html/yiifcms/framework/base/CApplication.php(180): CWebApplication->processRequest()
#4 /var/www/html/yiifcms/index.php(17): CApplication->run()
#5 {main}
REQUEST_URI=/yiifcms/?r=page/guide
HTTP_REFERER=http://192.168.92.128/yiifcms/
---
2015/08/11 12:04:25 [error] [exception.CHttpException.404] exception 'CHttpException' with message '系统无法找到请求的 "index" 动作.' in /var/www/html/yiifcms/framework/web/CController.php:483
Stack trace:
#0 /var/www/html/yiifcms/framework/web/CController.php(270): CController->missingAction('index')
#1 /var/www/html/yiifcms/framework/web/CWebApplication.php(282): CController->run('index')
#2 /var/www/html/yiifcms/framework/web/CWebApplication.php(141): CWebApplication->runController('admin/apitool/i...')
#3 /var/www/html/yiifcms/framework/base/CApplication.php(180): CWebApplication->processRequest()
#4 /var/www/html/yiifcms/index.php(17): CApplication->run()
#5 {main}
REQUEST_URI=/yiifcms/?r=admin/apitool/index
HTTP_REFERER=http://192.168.92.128/yiifcms/?r=admin
---
2015/08/11 12:08:28 [error] [exception.CHttpException.404] exception 'CHttpException' with message '系统无法找到请求的 "index" 动作.' in /var/www/html/yiifcms/framework/web/CController.php:483
Stack trace:
#0 /var/www/html/yiifcms/framework/web/CController.php(270): CController->missingAction('index')
#1 /var/www/html/yiifcms/framework/web/CWebApplication.php(282): CController->run('index')
#2 /var/www/html/yiifcms/framework/web/CWebApplication.php(141): CWebApplication->runController('admin/apitool/i...')
#3 /var/www/html/yiifcms/framework/base/CApplication.php(180): CWebApplication->processRequest()
#4 /var/www/html/yiifcms/index.php(17): CApplication->run()
#5 {main}
REQUEST_URI=/yiifcms/?r=admin/apitool/index
HTTP_REFERER=http://192.168.92.128/yiifcms/?r=admin
---
2015/08/11 15:03:31 [error] [php] include(HttpRequest.php): failed to open stream: No such file or directory (/var/www/html/yiifcms/framework/YiiBase.php:427)
Stack trace:
#0 /var/www/html/yiifcms/protected/modules/admin/controllers/ApitoolController.php(41): spl_autoload_call()
#1 /var/www/html/yiifcms/framework/web/actions/CInlineAction.php(49): ApitoolController->actionIpquery()
#2 /var/www/html/yiifcms/framework/web/CController.php(308): CInlineAction->runWithParams()
#3 /var/www/html/yiifcms/framework/web/CController.php(286): ApitoolController->runAction()
#4 /var/www/html/yiifcms/framework/web/CController.php(265): ApitoolController->runActionWithFilters()
#5 /var/www/html/yiifcms/framework/web/CWebApplication.php(282): ApitoolController->run()
#6 /var/www/html/yiifcms/framework/web/CWebApplication.php(141): CWebApplication->runController()
#7 /var/www/html/yiifcms/framework/base/CApplication.php(180): CWebApplication->processRequest()
#8 /var/www/html/yiifcms/index.php(17): CWebApplication->run()
REQUEST_URI=/yiifcms/?r=admin/apitool/ipquery
in /var/www/html/yiifcms/protected/modules/admin/controllers/ApitoolController.php (41)
in /var/www/html/yiifcms/index.php (17)
2015/08/11 15:08:33 [error] [exception.CException] exception 'CException' with message '属性 "CWebApplication.curl" 未被定义.' in /var/www/html/yiifcms/framework/base/CComponent.php:130
Stack trace:
#0 /var/www/html/yiifcms/framework/base/CModule.php(105): CComponent->__get('curl')
#1 /var/www/html/yiifcms/protected/modules/admin/controllers/ApitoolController.php(41): CModule->__get('curl')
#2 /var/www/html/yiifcms/framework/web/actions/CInlineAction.php(49): ApitoolController->actionIpquery()
#3 /var/www/html/yiifcms/framework/web/CController.php(308): CInlineAction->runWithParams(Array)
#4 /var/www/html/yiifcms/framework/web/CController.php(286): CController->runAction(Object(CInlineAction))
#5 /var/www/html/yiifcms/framework/web/CController.php(265): CController->runActionWithFilters(Object(CInlineAction), Array)
#6 /var/www/html/yiifcms/framework/web/CWebApplication.php(282): CController->run('ipquery')
#7 /var/www/html/yiifcms/framework/web/CWebApplication.php(141): CWebApplication->runController('admin/apitool/i...')
#8 /var/www/html/yiifcms/framework/base/CApplication.php(180): CWebApplication->processRequest()
#9 /var/www/html/yiifcms/index.php(17): CApplication->run()
#10 {main}
REQUEST_URI=/yiifcms/?r=admin/apitool/ipquery
HTTP_REFERER=http://192.168.92.128/yiifcms/?r=admin/apitool/index
---
2015/08/11 15:17:38 [error] [exception.CException] exception 'CException' with message '别名 "ext.Curl" 无效。请确认它指向一个存在的PHP文件。' in /var/www/html/yiifcms/framework/YiiBase.php:322
Stack trace:
#0 /var/www/html/yiifcms/framework/YiiBase.php(196): YiiBase::import('ext.Curl', true)
#1 /var/www/html/yiifcms/framework/base/CModule.php(386): YiiBase::createComponent(Array)
#2 /var/www/html/yiifcms/framework/base/CModule.php(103): CModule->getComponent('curl')
#3 /var/www/html/yiifcms/protected/modules/admin/controllers/ApitoolController.php(41): CModule->__get('curl')
#4 /var/www/html/yiifcms/framework/web/actions/CInlineAction.php(49): ApitoolController->actionIpquery()
#5 /var/www/html/yiifcms/framework/web/CController.php(308): CInlineAction->runWithParams(Array)
#6 /var/www/html/yiifcms/framework/web/CController.php(286): CController->runAction(Object(CInlineAction))
#7 /var/www/html/yiifcms/framework/web/CController.php(265): CController->runActionWithFilters(Object(CInlineAction), Array)
#8 /var/www/html/yiifcms/framework/web/CWebApplication.php(282): CController->run('ipquery')
#9 /var/www/html/yiifcms/framework/web/CWebApplication.php(141): CWebApplication->runController('admin/apitool/i...')
#10 /var/www/html/yiifcms/framework/base/CApplication.php(180): CWebApplication->processRequest()
#11 /var/www/html/yiifcms/index.php(17): CApplication->run()
#12 {main}
REQUEST_URI=/yiifcms/?r=admin/apitool/ipquery
HTTP_REFERER=http://192.168.92.128/yiifcms/?r=admin/apitool/index
---
2015/08/11 15:41:26 [error] [php] file_get_contents(http://localhost): failed to open stream: HTTP request failed! HTTP/1.1 403 Forbidden
 (/var/www/html/yiifcms/protected/modules/admin/controllers/ApitoolController.php:41)
Stack trace:
#0 /var/www/html/yiifcms/framework/web/CController.php(308): CInlineAction->runWithParams()
#1 /var/www/html/yiifcms/framework/web/CController.php(286): ApitoolController->runAction()
#2 /var/www/html/yiifcms/framework/web/CController.php(265): ApitoolController->runActionWithFilters()
#3 /var/www/html/yiifcms/framework/web/CWebApplication.php(282): ApitoolController->run()
#4 /var/www/html/yiifcms/framework/web/CWebApplication.php(141): CWebApplication->runController()
#5 /var/www/html/yiifcms/framework/base/CApplication.php(180): CWebApplication->processRequest()
#6 /var/www/html/yiifcms/index.php(17): CWebApplication->run()
REQUEST_URI=/yiifcms/?r=admin/apitool/ipquery
in /var/www/html/yiifcms/protected/modules/admin/controllers/ApitoolController.php (41)
in /var/www/html/yiifcms/index.php (17)
2015/08/11 17:33:27 [error] [exception.CException] exception 'CException' with message '属性 "CWebApplication.apitool" 未被定义.' in /var/www/html/yiifcms/framework/base/CComponent.php:130
Stack trace:
#0 /var/www/html/yiifcms/framework/base/CModule.php(105): CComponent->__get('apitool')
#1 /var/www/html/yiifcms/protected/modules/admin/controllers/ApitoolController.php(44): CModule->__get('apitool')
#2 /var/www/html/yiifcms/framework/web/actions/CInlineAction.php(49): ApitoolController->actionIpquery()
#3 /var/www/html/yiifcms/framework/web/CController.php(308): CInlineAction->runWithParams(Array)
#4 /var/www/html/yiifcms/framework/web/CController.php(286): CController->runAction(Object(CInlineAction))
#5 /var/www/html/yiifcms/framework/web/CController.php(265): CController->runActionWithFilters(Object(CInlineAction), Array)
#6 /var/www/html/yiifcms/framework/web/CWebApplication.php(282): CController->run('ipquery')
#7 /var/www/html/yiifcms/framework/web/CWebApplication.php(141): CWebApplication->runController('admin/apitool/i...')
#8 /var/www/html/yiifcms/framework/base/CApplication.php(180): CWebApplication->processRequest()
#9 /var/www/html/yiifcms/index.php(17): CApplication->run()
#10 {main}
REQUEST_URI=/yiifcms/?r=admin/apitool/ipquery
HTTP_REFERER=http://192.168.92.128/yiifcms/?r=admin/apitool/index
---
2015/08/11 17:34:59 [error] [php] require_once(Curl.php): failed to open stream: No such file or directory (/var/www/html/yiifcms/protected/extensions/apitool/Apitool.php:32)
Stack trace:
#0 /var/www/html/yiifcms/framework/web/actions/CInlineAction.php(49): ApitoolController->actionIpquery()
#1 /var/www/html/yiifcms/framework/web/CController.php(308): CInlineAction->runWithParams()
#2 /var/www/html/yiifcms/framework/web/CController.php(286): ApitoolController->runAction()
#3 /var/www/html/yiifcms/framework/web/CController.php(265): ApitoolController->runActionWithFilters()
#4 /var/www/html/yiifcms/framework/web/CWebApplication.php(282): ApitoolController->run()
#5 /var/www/html/yiifcms/framework/web/CWebApplication.php(141): CWebApplication->runController()
#6 /var/www/html/yiifcms/framework/base/CApplication.php(180): CWebApplication->processRequest()
#7 /var/www/html/yiifcms/index.php(17): CWebApplication->run()
REQUEST_URI=/yiifcms/?r=admin/apitool/ipquery
in /var/www/html/yiifcms/protected/extensions/apitool/Apitool.php (32)
in /var/www/html/yiifcms/protected/extensions/apitool/Apitool.php (32)
in /var/www/html/yiifcms/protected/modules/admin/controllers/ApitoolController.php (44)
2015/08/11 17:35:35 [error] [php] Invalid argument supplied for foreach() (/var/www/html/yiifcms/protected/extensions/curl/Curl.php:238)
Stack trace:
#0 /var/www/html/yiifcms/framework/web/actions/CInlineAction.php(49): ApitoolController->actionIpquery()
#1 /var/www/html/yiifcms/framework/web/CController.php(308): CInlineAction->runWithParams()
#2 /var/www/html/yiifcms/framework/web/CController.php(286): ApitoolController->runAction()
#3 /var/www/html/yiifcms/framework/web/CController.php(265): ApitoolController->runActionWithFilters()
#4 /var/www/html/yiifcms/framework/web/CWebApplication.php(282): ApitoolController->run()
#5 /var/www/html/yiifcms/framework/web/CWebApplication.php(141): CWebApplication->runController()
#6 /var/www/html/yiifcms/framework/base/CApplication.php(180): CWebApplication->processRequest()
#7 /var/www/html/yiifcms/index.php(17): CWebApplication->run()
REQUEST_URI=/yiifcms/?r=admin/apitool/ipquery
in /var/www/html/yiifcms/protected/extensions/curl/Curl.php (238)
in /var/www/html/yiifcms/protected/extensions/apitool/Apitool.php (35)
in /var/www/html/yiifcms/protected/modules/admin/controllers/ApitoolController.php (44)
2015/08/12 20:50:16 [error] [exception.CException] exception 'CException' with message 'ApitoolController 无法找到请求的视图 "hello".' in /var/www/html/yiifcms/framework/web/CController.php:878
Stack trace:
#0 /var/www/html/yiifcms/protected/modules/admin/controllers/ApitoolController.php(62): CController->renderPartial('hello', Array)
#1 /var/www/html/yiifcms/framework/web/actions/CInlineAction.php(49): ApitoolController->actionWeather()
#2 /var/www/html/yiifcms/framework/web/CController.php(308): CInlineAction->runWithParams(Array)
#3 /var/www/html/yiifcms/framework/web/CController.php(286): CController->runAction(Object(CInlineAction))
#4 /var/www/html/yiifcms/framework/web/CController.php(265): CController->runActionWithFilters(Object(CInlineAction), Array)
#5 /var/www/html/yiifcms/framework/web/CWebApplication.php(282): CController->run('weather')
#6 /var/www/html/yiifcms/framework/web/CWebApplication.php(141): CWebApplication->runController('admin/apitool/w...')
#7 /var/www/html/yiifcms/framework/base/CApplication.php(180): CWebApplication->processRequest()
#8 /var/www/html/yiifcms/index.php(17): CApplication->run()
#9 {main}
REQUEST_URI=/yiifcms/?r=admin/apitool/weather&dataFmt=json
HTTP_REFERER=http://192.168.92.128/yiifcms/?r=admin/apitool/index
---
2015/08/12 20:50:51 [error] [exception.CException] exception 'CException' with message 'ApitoolController 无法找到请求的视图 "hello".' in /var/www/html/yiifcms/framework/web/CController.php:878
Stack trace:
#0 /var/www/html/yiifcms/protected/modules/admin/controllers/ApitoolController.php(62): CController->renderPartial('hello', Array)
#1 /var/www/html/yiifcms/framework/web/actions/CInlineAction.php(49): ApitoolController->actionWeather()
#2 /var/www/html/yiifcms/framework/web/CController.php(308): CInlineAction->runWithParams(Array)
#3 /var/www/html/yiifcms/framework/web/CController.php(286): CController->runAction(Object(CInlineAction))
#4 /var/www/html/yiifcms/framework/web/CController.php(265): CController->runActionWithFilters(Object(CInlineAction), Array)
#5 /var/www/html/yiifcms/framework/web/CWebApplication.php(282): CController->run('weather')
#6 /var/www/html/yiifcms/framework/web/CWebApplication.php(141): CWebApplication->runController('admin/apitool/w...')
#7 /var/www/html/yiifcms/framework/base/CApplication.php(180): CWebApplication->processRequest()
#8 /var/www/html/yiifcms/index.php(17): CApplication->run()
#9 {main}
REQUEST_URI=/yiifcms/?r=admin/apitool/weather&dataFmt=json&cityName=%E5%8C%97%E4%BA%AC
---
2015/08/12 20:51:37 [error] [exception.CException] exception 'CException' with message 'ApitoolController 无法找到请求的视图 "".' in /var/www/html/yiifcms/framework/web/CController.php:878
Stack trace:
#0 /var/www/html/yiifcms/protected/modules/admin/controllers/ApitoolController.php(62): CController->renderPartial('', Array)
#1 /var/www/html/yiifcms/framework/web/actions/CInlineAction.php(49): ApitoolController->actionWeather()
#2 /var/www/html/yiifcms/framework/web/CController.php(308): CInlineAction->runWithParams(Array)
#3 /var/www/html/yiifcms/framework/web/CController.php(286): CController->runAction(Object(CInlineAction))
#4 /var/www/html/yiifcms/framework/web/CController.php(265): CController->runActionWithFilters(Object(CInlineAction), Array)
#5 /var/www/html/yiifcms/framework/web/CWebApplication.php(282): CController->run('weather')
#6 /var/www/html/yiifcms/framework/web/CWebApplication.php(141): CWebApplication->runController('admin/apitool/w...')
#7 /var/www/html/yiifcms/framework/base/CApplication.php(180): CWebApplication->processRequest()
#8 /var/www/html/yiifcms/index.php(17): CApplication->run()
#9 {main}
REQUEST_URI=/yiifcms/?r=admin/apitool/weather&dataFmt=json&cityName=%E5%8C%97%E4%BA%AC
---
2015/08/12 21:03:17 [error] [php] include(CJson.php): failed to open stream: No such file or directory (/var/www/html/yiifcms/framework/YiiBase.php:427)
Stack trace:
#0 /var/www/html/yiifcms/protected/modules/admin/controllers/ApitoolController.php(64): spl_autoload_call()
#1 /var/www/html/yiifcms/framework/web/actions/CInlineAction.php(49): ApitoolController->actionWeather()
#2 /var/www/html/yiifcms/framework/web/CController.php(308): CInlineAction->runWithParams()
#3 /var/www/html/yiifcms/framework/web/CController.php(286): ApitoolController->runAction()
#4 /var/www/html/yiifcms/framework/web/CController.php(265): ApitoolController->runActionWithFilters()
#5 /var/www/html/yiifcms/framework/web/CWebApplication.php(282): ApitoolController->run()
#6 /var/www/html/yiifcms/framework/web/CWebApplication.php(141): CWebApplication->runController()
#7 /var/www/html/yiifcms/framework/base/CApplication.php(180): CWebApplication->processRequest()
#8 /var/www/html/yiifcms/index.php(17): CWebApplication->run()
REQUEST_URI=/yiifcms/?r=admin/apitool/weather&dataFmt=json&cityName=%E5%8C%97%E4%BA%AC
in /var/www/html/yiifcms/protected/modules/admin/controllers/ApitoolController.php (64)
in /var/www/html/yiifcms/index.php (17)
